<?xml version="1.0" encoding="UTF-8"?>
<testsuite xmlns:xsi="http://www.w3.org/2001/XMLSchema-instance" xsi:schemaLocation="https://maven.apache.org/surefire/maven-surefire-plugin/xsd/surefire-test-report.xsd" name="TestSuite" time="2.004" tests="6" errors="0" skipped="2" failures="1">
  <properties>
    <property name="idea.version" value="2018.3.5"/>
    <property name="java.runtime.name" value="Java(TM) SE Runtime Environment"/>
    <property name="java.vm.version" value="11.0.2+9-LTS"/>
    <property name="sun.boot.library.path" value="E:\Program Files\Java\jdk-11.0.2\bin"/>
    <property name="maven.multiModuleProjectDirectory" value="F:\IdeaProjects\CyshApiTest"/>
    <property name="java.vm.vendor" value="Oracle Corporation"/>
    <property name="java.vendor.url" value="http://java.oracle.com/"/>
    <property name="guice.disable.misplaced.annotation.check" value="true"/>
    <property name="path.separator" value=";"/>
    <property name="java.vm.name" value="Java HotSpot(TM) 64-Bit Server VM"/>
    <property name="sun.os.patch.level" value=""/>
    <property name="user.script" value=""/>
    <property name="user.country" value="CN"/>
    <property name="sun.java.launcher" value="SUN_STANDARD"/>
    <property name="java.vm.specification.name" value="Java Virtual Machine Specification"/>
    <property name="user.dir" value="F:\IdeaProjects\CyshApiTest"/>
    <property name="java.vm.compressedOopsMode" value="Zero based"/>
    <property name="java.runtime.version" value="11.0.2+9-LTS"/>
    <property name="java.awt.graphicsenv" value="sun.awt.Win32GraphicsEnvironment"/>
    <property name="os.arch" value="amd64"/>
    <property name="java.io.tmpdir" value="C:\Users\ceshi\AppData\Local\Temp\"/>
    <property name="line.separator" value="&#10;"/>
    <property name="java.vm.specification.vendor" value="Oracle Corporation"/>
    <property name="user.variant" value=""/>
    <property name="os.name" value="Windows 10"/>
    <property name="classworlds.conf" value="E:\Program Files\JetBrains\IntelliJ IDEA 2018.3.5\plugins\maven\lib\maven3\bin\m2.conf"/>
    <property name="sun.jnu.encoding" value="GBK"/>
    <property name="java.library.path" value="E:\Program Files\Java\jdk-11.0.2\bin;C:\Windows\Sun\Java\bin;C:\Windows\system32;C:\Windows;C:\Program Files (x86)\Common Files\Oracle\Java\javapath;C:\Windows\system32;C:\Windows;C:\Windows\System32\Wbem;C:\Windows\System32\WindowsPowerShell\v1.0\;C:\Windows\System32\OpenSSH\;E:\Programs\Python\Python37;C:\Users\ceshi\AppData\Local\Microsoft\WindowsApps;;e:\Program Files\JetBrains\PyCharm 2018.3.5\bin;;E:\Program Files\JetBrains\IntelliJ IDEA 2018.3.5\bin;;E:\Programs\Fiddler;."/>
    <property name="jdk.debug" value="release"/>
    <property name="java.class.version" value="55.0"/>
    <property name="java.specification.name" value="Java Platform API Specification"/>
    <property name="sun.management.compiler" value="HotSpot 64-Bit Tiered Compilers"/>
    <property name="os.version" value="10.0"/>
    <property name="user.home" value="C:\Users\ceshi"/>
    <property name="user.timezone" value="Asia/Shanghai"/>
    <property name="java.awt.printerjob" value="sun.awt.windows.WPrinterJob"/>
    <property name="file.encoding" value="UTF-8"/>
    <property name="java.specification.version" value="11"/>
    <property name="user.name" value="ceshi"/>
    <property name="java.class.path" value="E:\Program Files\JetBrains\IntelliJ IDEA 2018.3.5\plugins\maven\lib\maven3\boot\plexus-classworlds-2.5.2.jar"/>
    <property name="java.vm.specification.version" value="11"/>
    <property name="sun.arch.data.model" value="64"/>
    <property name="sun.java.command" value="org.codehaus.classworlds.Launcher -Didea.version=2018.3.5 org.apache.maven.plugins:maven-surefire-plugin:2.19.1:test"/>
    <property name="java.home" value="E:\Program Files\Java\jdk-11.0.2"/>
    <property name="user.language" value="zh"/>
    <property name="java.specification.vendor" value="Oracle Corporation"/>
    <property name="awt.toolkit" value="sun.awt.windows.WToolkit"/>
    <property name="java.vm.info" value="mixed mode"/>
    <property name="java.version" value="11.0.2"/>
    <property name="java.vendor" value="Oracle Corporation"/>
    <property name="maven.home" value="E:\Program Files\JetBrains\IntelliJ IDEA 2018.3.5\plugins\maven\lib\maven3"/>
    <property name="file.separator" value="\"/>
    <property name="java.version.date" value="2019-01-15"/>
    <property name="java.vendor.url.bug" value="http://bugreport.java.com/bugreport/"/>
    <property name="sun.io.unicode.encoding" value="UnicodeLittle"/>
    <property name="sun.cpu.endian" value="little"/>
    <property name="java.vendor.version" value="18.9"/>
    <property name="sun.desktop" value="windows"/>
    <property name="sun.cpu.isalist" value="amd64"/>
  </properties>
  <testcase name="testRequest" classname="framework.runner.TestNG" time="0.938"/>
  <testcase name="testRequest" classname="framework.runner.TestNG" time="0.048"/>
  <testcase name="testRequest" classname="framework.runner.TestNG" time="0.043"/>
  <testcase name="testRequest" classname="framework.runner.TestNG" time="0">
    <skipped message=" expected [success] but found [error]"/>
    <system-out><![CDATA[start request：http://115.159.29.231:5555/web/sellerServer/shops/login0000
{"code":"error","message":"token expire","content":"access token 已过期"}
重跑！！！！
]]></system-out>
  </testcase>
  <testcase name="testRequest" classname="framework.runner.TestNG" time="0">
    <skipped message=" expected [success] but found [error]"/>
    <system-out><![CDATA[start request：http://115.159.29.231:5555/web/sellerServer/shops/login0000
{"code":"error","message":"token expire","content":"access token 已过期"}
重跑！！！！
]]></system-out>
  </testcase>
  <testcase name="testRequest" classname="framework.runner.TestNG" time="0.043">
    <failure message=" expected [success] but found [error]" type="java.lang.AssertionError">java.lang.AssertionError:  expected [success] but found [error]
	at framework.runner.TestNG.checkResponse(TestNG.java:82)
	at framework.runner.TestNG.testRequest(TestNG.java:124)
</failure>
    <system-out><![CDATA[start request：http://115.159.29.231:5555/web/sellerServer/shops/login0000
{"code":"error","message":"token expire","content":"access token 已过期"}
]]></system-out>
  </testcase>
</testsuite>